<?xml version="1.0" encoding="UTF-8"?>
<testsuite xmlns:xsi="http://www.w3.org/2001/XMLSchema-instance" xsi:noNamespaceSchemaLocation="https://maven.apache.org/surefire/maven-surefire-plugin/xsd/surefire-test-report-3.0.xsd" version="3.0" name="com.pucp.unionseguros.UnionSegurosApplicationTests" time="7.109" tests="1" errors="0" skipped="0" failures="0">
  <properties>
[...]
</properties>
  <testcase name="contextLoads" classname="com.pucp.unionseguros.UnionSegurosApplicationTests" time="0.245">
    <system-out><![CDATA[18:46:48.831 [main] DEBUG org.springframework.boot.test.context.SpringBootTestContextBootstrapper -- Neither @ContextConfiguration nor @ContextHierarchy found for test class [UnionSegurosApplicationTests]: using SpringBootContextLoader
18:46:48.834 [main] DEBUG org.springframework.test.context.support.AbstractContextLoader -- Could not detect default resource locations for test class [com.pucp.unionseguros.UnionSegurosApplicationTests]: no resource found for suffixes {-context.xml, Context.groovy}.
18:46:48.835 [main] INFO org.springframework.test.context.support.AnnotationConfigContextLoaderUtils -- Could not detect default configuration classes for test class [com.pucp.unionseguros.UnionSegurosApplicationTests]: UnionSegurosApplicationTests does not declare any static, non-private, non-final, nested classes annotated with @Configuration.
18:46:48.855 [main] DEBUG org.springframework.boot.test.context.SpringBootTestContextBootstrapper -- Using ContextCustomizers for test class [UnionSegurosApplicationTests]: [ExcludeFilterContextCustomizer, DuplicateJsonObjectContextCustomizer, MockitoContextCustomizer, TestRestTemplateContextCustomizer, DisableObservabilityContextCustomizer, PropertyMappingContextCustomizer, Customizer]
18:46:48.921 [main] DEBUG org.springframework.context.annotation.ClassPathScanningCandidateComponentProvider -- Identified candidate component class: file [D:\Universidad\Cursos 2023-1\Ingeniería de Software\Repositorio de TA\UnionSeguros\Server-side\UnionSeguros\target\classes\com\pucp\unionseguros\UnionSegurosApplication.class]
18:46:48.923 [main] INFO org.springframework.boot.test.context.SpringBootTestContextBootstrapper -- Found @SpringBootConfiguration com.pucp.unionseguros.UnionSegurosApplication for test class com.pucp.unionseguros.UnionSegurosApplicationTests
18:46:49.020 [main] DEBUG org.springframework.boot.test.context.SpringBootTestContextBootstrapper -- Using TestExecutionListeners for test class [UnionSegurosApplicationTests]: [ServletTestExecutionListener, DirtiesContextBeforeModesTestExecutionListener, ApplicationEventsTestExecutionListener, MockitoTestExecutionListener, DependencyInjectionTestExecutionListener, DirtiesContextTestExecutionListener, TransactionalTestExecutionListener, SqlScriptsTestExecutionListener, EventPublishingTestExecutionListener, ResetMocksTestExecutionListener, RestDocsTestExecutionListener, MockRestServiceServerResetTestExecutionListener, MockMvcPrintOnlyOnFailureTestExecutionListener, WebDriverTestExecutionListener, MockWebServiceServerTestExecutionListener]
18:46:49.021 [main] DEBUG org.springframework.test.context.support.AbstractDirtiesContextTestExecutionListener -- Before test class: class [UnionSegurosApplicationTests], class annotated with @DirtiesContext [false] with mode [null]

  .   ____          _            __ _ _
 /\\ / ___'_ __ _ _(_)_ __  __ _ \ \ \ \
( ( )\___ | '_ | '_| | '_ \/ _` | \ \ \ \
 \\/  ___)| |_)| | | | | || (_| |  ) ) ) )
  '  |____| .__|_| |_|_| |_\__, | / / / /
 =========|_|==============|___/=/_/_/_/
 :: Spring Boot ::                (v3.0.6)

2023-05-27T18:46:49.287-05:00  INFO 7820 --- [           main] c.p.u.UnionSegurosApplicationTests       : Starting UnionSegurosApplicationTests using Java 17.0.6 with PID 7820 (started by sergi in D:\Universidad\Cursos 2023-1\Ingeniería de Software\Repositorio de TA\UnionSeguros\Server-side\UnionSeguros)
2023-05-27T18:46:49.288-05:00  INFO 7820 --- [           main] c.p.u.UnionSegurosApplicationTests       : No active profile set, falling back to 1 default profile: "default"
2023-05-27T18:46:49.903-05:00  INFO 7820 --- [           main] .s.d.r.c.RepositoryConfigurationDelegate : Multiple Spring Data modules found, entering strict repository configuration mode
2023-05-27T18:46:49.904-05:00  INFO 7820 --- [           main] .s.d.r.c.RepositoryConfigurationDelegate : Bootstrapping Spring Data JDBC repositories in DEFAULT mode.
2023-05-27T18:46:49.939-05:00  INFO 7820 --- [           main] .RepositoryConfigurationExtensionSupport : Spring Data JDBC - Could not safely identify store assignment for repository candidate interface com.pucp.unionseguros.repository.CotizacionRepository.CotizacionRepository; If you want this repository to be a JDBC repository, consider annotating your entities with one of these annotations: org.springframework.data.relational.core.mapping.Table.
2023-05-27T18:46:49.941-05:00  INFO 7820 --- [           main] .RepositoryConfigurationExtensionSupport : Spring Data JDBC - Could not safely identify store assignment for repository candidate interface com.pucp.unionseguros.repository.DistritosRepository.DepartamentoRepository; If you want this repository to be a JDBC repository, consider annotating your entities with one of these annotations: org.springframework.data.relational.core.mapping.Table.
2023-05-27T18:46:49.943-05:00  INFO 7820 --- [           main] .RepositoryConfigurationExtensionSupport : Spring Data JDBC - Could not safely identify store assignment for repository candidate interface com.pucp.unionseguros.repository.DistritosRepository.DistritoRepository; If you want this repository to be a JDBC repository, consider annotating your entities with one of these annotations: org.springframework.data.relational.core.mapping.Table.
2023-05-27T18:46:49.944-05:00  INFO 7820 --- [           main] .RepositoryConfigurationExtensionSupport : Spring Data JDBC - Could not safely identify store assignment for repository candidate interface com.pucp.unionseguros.repository.DistritosRepository.ProvinciaRepository; If you want this repository to be a JDBC repository, consider annotating your entities with one of these annotations: org.springframework.data.relational.core.mapping.Table.
2023-05-27T18:46:49.949-05:00  INFO 7820 --- [           main] .RepositoryConfigurationExtensionSupport : Spring Data JDBC - Could not safely identify store assignment for repository candidate interface com.pucp.unionseguros.repository.PersonasRepository.AdministradorRepository; If you want this repository to be a JDBC repository, consider annotating your entities with one of these annotations: org.springframework.data.relational.core.mapping.Table.
2023-05-27T18:46:49.951-05:00  INFO 7820 --- [           main] .RepositoryConfigurationExtensionSupport : Spring Data JDBC - Could not safely identify store assignment for repository candidate interface com.pucp.unionseguros.repository.PersonasRepository.ClienteRepository; If you want this repository to be a JDBC repository, consider annotating your entities with one of these annotations: org.springframework.data.relational.core.mapping.Table.
2023-05-27T18:46:49.953-05:00  INFO 7820 --- [           main] .RepositoryConfigurationExtensionSupport : Spring Data JDBC - Could not safely identify store assignment for repository candidate interface com.pucp.unionseguros.repository.PersonasRepository.PermisosRepository; If you want this repository to be a JDBC repository, consider annotating your entities with one of these annotations: org.springframework.data.relational.core.mapping.Table.
2023-05-27T18:46:49.954-05:00  INFO 7820 --- [           main] .RepositoryConfigurationExtensionSupport : Spring Data JDBC - Could not safely identify store assignment for repository candidate interface com.pucp.unionseguros.repository.PersonasRepository.PersonasRepository; If you want this repository to be a JDBC repository, consider annotating your entities with one of these annotations: org.springframework.data.relational.core.mapping.Table.
2023-05-27T18:46:49.956-05:00  INFO 7820 --- [           main] .RepositoryConfigurationExtensionSupport : Spring Data JDBC - Could not safely identify store assignment for repository candidate interface com.pucp.unionseguros.repository.PersonasRepository.RolesRepository; If you want this repository to be a JDBC repository, consider annotating your entities with one of these annotations: org.springframework.data.relational.core.mapping.Table.
2023-05-27T18:46:49.958-05:00  INFO 7820 --- [           main] .RepositoryConfigurationExtensionSupport : Spring Data JDBC - Could not safely identify store assignment for repository candidate interface com.pucp.unionseguros.repository.PersonasRepository.TipoDocumentoRepository; If you want this repository to be a JDBC repository, consider annotating your entities with one of these annotations: org.springframework.data.relational.core.mapping.Table.
2023-05-27T18:46:49.959-05:00  INFO 7820 --- [           main] .RepositoryConfigurationExtensionSupport : Spring Data JDBC - Could not safely identify store assignment for repository candidate interface com.pucp.unionseguros.repository.PersonasRepository.UsuarioRepository; If you want this repository to be a JDBC repository, consider annotating your entities with one of these annotations: org.springframework.data.relational.core.mapping.Table.
2023-05-27T18:46:49.961-05:00  INFO 7820 --- [           main] .RepositoryConfigurationExtensionSupport : Spring Data JDBC - Could not safely identify store assignment for repository candidate interface com.pucp.unionseguros.repository.SOATRepository.BoletaDeVentaRepository; If you want this repository to be a JDBC repository, consider annotating your entities with one of these annotations: org.springframework.data.relational.core.mapping.Table.
2023-05-27T18:46:49.963-05:00  INFO 7820 --- [           main] .RepositoryConfigurationExtensionSupport : Spring Data JDBC - Could not safely identify store assignment for repository candidate interface com.pucp.unionseguros.repository.SOATRepository.MetodoDePagoRepository; If you want this repository to be a JDBC repository, consider annotating your entities with one of these annotations: org.springframework.data.relational.core.mapping.Table.
2023-05-27T18:46:49.965-05:00  INFO 7820 --- [           main] .RepositoryConfigurationExtensionSupport : Spring Data JDBC - Could not safely identify store assignment for repository candidate interface com.pucp.unionseguros.repository.SOATRepository.PlanSOATRepository; If you want this repository to be a JDBC repository, consider annotating your entities with one of these annotations: org.springframework.data.relational.core.mapping.Table.
2023-05-27T18:46:49.967-05:00  INFO 7820 --- [           main] .RepositoryConfigurationExtensionSupport : Spring Data JDBC - Could not safely identify store assignment for repository candidate interface com.pucp.unionseguros.repository.SOATRepository.PolizaRepository; If you want this repository to be a JDBC repository, consider annotating your entities with one of these annotations: org.springframework.data.relational.core.mapping.Table.
2023-05-27T18:46:49.969-05:00  INFO 7820 --- [           main] .RepositoryConfigurationExtensionSupport : Spring Data JDBC - Could not safely identify store assignment for repository candidate interface com.pucp.unionseguros.repository.SOATRepository.SOATRepository; If you want this repository to be a JDBC repository, consider annotating your entities with one of these annotations: org.springframework.data.relational.core.mapping.Table.
2023-05-27T18:46:49.971-05:00  INFO 7820 --- [           main] .RepositoryConfigurationExtensionSupport : Spring Data JDBC - Could not safely identify store assignment for repository candidate interface com.pucp.unionseguros.repository.VehiculoRepository.MarcaVehiculoRepository; If you want this repository to be a JDBC repository, consider annotating your entities with one of these annotations: org.springframework.data.relational.core.mapping.Table.
2023-05-27T18:46:49.973-05:00  INFO 7820 --- [           main] .RepositoryConfigurationExtensionSupport : Spring Data JDBC - Could not safely identify store assignment for repository candidate interface com.pucp.unionseguros.repository.VehiculoRepository.ModeloRepository; If you want this repository to be a JDBC repository, consider annotating your entities with one of these annotations: org.springframework.data.relational.core.mapping.Table.
2023-05-27T18:46:49.974-05:00  INFO 7820 --- [           main] .RepositoryConfigurationExtensionSupport : Spring Data JDBC - Could not safely identify store assignment for repository candidate interface com.pucp.unionseguros.repository.VehiculoRepository.TipoUsoRepository; If you want this repository to be a JDBC repository, consider annotating your entities with one of these annotations: org.springframework.data.relational.core.mapping.Table.
2023-05-27T18:46:49.976-05:00  INFO 7820 --- [           main] .RepositoryConfigurationExtensionSupport : Spring Data JDBC - Could not safely identify store assignment for repository candidate interface com.pucp.unionseguros.repository.VehiculoRepository.TipoVehiculoRepository; If you want this repository to be a JDBC repository, consider annotating your entities with one of these annotations: org.springframework.data.relational.core.mapping.Table.
2023-05-27T18:46:49.978-05:00  INFO 7820 --- [           main] .RepositoryConfigurationExtensionSupport : Spring Data JDBC - Could not safely identify store assignment for repository candidate interface com.pucp.unionseguros.repository.VehiculoRepository.VehiculoRepository; If you want this repository to be a JDBC repository, consider annotating your entities with one of these annotations: org.springframework.data.relational.core.mapping.Table.
2023-05-27T18:46:49.978-05:00  INFO 7820 --- [           main] .s.d.r.c.RepositoryConfigurationDelegate : Finished Spring Data repository scanning in 70 ms. Found 0 JDBC repository interfaces.
2023-05-27T18:46:49.990-05:00  INFO 7820 --- [           main] .s.d.r.c.RepositoryConfigurationDelegate : Multiple Spring Data modules found, entering strict repository configuration mode
2023-05-27T18:46:49.991-05:00  INFO 7820 --- [           main] .s.d.r.c.RepositoryConfigurationDelegate : Bootstrapping Spring Data JPA repositories in DEFAULT mode.
2023-05-27T18:46:50.061-05:00  INFO 7820 --- [           main] .s.d.r.c.RepositoryConfigurationDelegate : Finished Spring Data repository scanning in 66 ms. Found 21 JPA repository interfaces.
2023-05-27T18:46:50.505-05:00  INFO 7820 --- [           main] com.zaxxer.hikari.HikariDataSource       : HikariPool-1 - Starting...
2023-05-27T18:46:51.840-05:00  INFO 7820 --- [           main] com.zaxxer.hikari.pool.HikariPool        : HikariPool-1 - Added connection com.mysql.cj.jdbc.ConnectionImpl@e7b265e
2023-05-27T18:46:51.843-05:00  INFO 7820 --- [           main] com.zaxxer.hikari.HikariDataSource       : HikariPool-1 - Start completed.
2023-05-27T18:46:51.885-05:00  INFO 7820 --- [           main] o.hibernate.jpa.internal.util.LogHelper  : HHH000204: Processing PersistenceUnitInfo [name: default]
2023-05-27T18:46:51.928-05:00  INFO 7820 --- [           main] org.hibernate.Version                    : HHH000412: Hibernate ORM core version 6.1.7.Final
2023-05-27T18:46:52.451-05:00  INFO 7820 --- [           main] SQL dialect                              : HHH000400: Using dialect: org.hibernate.dialect.MySQLDialect
2023-05-27T18:46:53.268-05:00  INFO 7820 --- [           main] o.h.e.t.j.p.i.JtaPlatformInitiator       : HHH000490: Using JtaPlatform implementation: [org.hibernate.engine.transaction.jta.platform.internal.NoJtaPlatform]
2023-05-27T18:46:53.275-05:00  INFO 7820 --- [           main] j.LocalContainerEntityManagerFactoryBean : Initialized JPA EntityManagerFactory for persistence unit 'default'
2023-05-27T18:46:55.545-05:00  INFO 7820 --- [           main] c.p.u.UnionSegurosApplicationTests       : Started UnionSegurosApplicationTests in 6.489 seconds (process running for 7.3)
]]></system-out>
  </testcase>
</testsuite>